<?xml version="1.0" encoding="UTF-8"?>
<!-- Generated by org.testng.reporters.JUnitReportReporter -->
<testsuite hostname="DESKTOP-P9BO3Q7" name="com.freecrm.qa.testcases.HomePageTest" tests="3" failures="0" timestamp="28 Aug 2018 05:56:41 GMT" time="58.974" errors="0">
  <testcase name="validateNewContactsLink" time="20.352" classname="com.freecrm.qa.testcases.HomePageTest"/>
  <testcase name="validateTasksLink" time="17.242" classname="com.freecrm.qa.testcases.HomePageTest"/>
  <testcase name="validateDealsLink" time="21.380" classname="com.freecrm.qa.testcases.HomePageTest"/>
</testsuite> <!-- com.freecrm.qa.testcases.HomePageTest -->
