<?xml version="1.0" encoding="UTF-8"?>
<!-- Generated by org.testng.reporters.JUnitReportReporter -->
<testsuite hostname="DESKTOP-P9BO3Q7" name="com.freecrm.qa.testcases.loginPageTest" tests="1" failures="0" timestamp="28 Aug 2018 02:54:04 GMT" time="10.856" errors="0">
  <testcase name="validateSignUpPageLanding" time="10.856" classname="com.freecrm.qa.testcases.loginPageTest"/>
</testsuite> <!-- com.freecrm.qa.testcases.loginPageTest -->
