<?xml version="1.0" encoding="UTF-8"?>
<!-- Generated by org.testng.reporters.JUnitReportReporter -->
<testsuite hostname="DESKTOP-P9BO3Q7" name="com.freecrm.qa.testcases.NewContactsPageTest" tests="3" failures="0" timestamp="30 Aug 2018 02:37:49 GMT" time="84.467" errors="0">
  <testcase name="validateLnameState" time="23.929" classname="com.freecrm.qa.testcases.NewContactsPageTest"/>
  <testcase name="validateFnameState" time="34.712" classname="com.freecrm.qa.testcases.NewContactsPageTest"/>
  <testcase name="createNewContact" time="25.826" classname="com.freecrm.qa.testcases.NewContactsPageTest"/>
</testsuite> <!-- com.freecrm.qa.testcases.NewContactsPageTest -->
